# JRE version: OpenJDK Runtime Environment (21.0.4) (build 21.0.4+-12508038-b607.1)
# Java VM: OpenJDK 64-Bit Server VM (21.0.4+-12508038-b607.1, mixed mode, tiered, compressed oops, compressed class ptrs, g1 gc, windows-amd64)
GC Precious Log:
 CardTable entry size: 512
 Card Set container configuration: InlinePtr #cards 5 size 8 Array Of Cards #cards 12 size 40 Howl #buckets 4 coarsen threshold 1843 Howl Bitmap #cards 512 size 80 coarsen threshold 460 Card regions per heap region 1 cards per card region 2048
 CPUs: 12 total, 12 available
 Memory: 14170M
 Large Page Support: Disabled
 NUMA Support: Disabled
 Compressed Oops: Enabled (32-bit)
 Heap Region Size: 1M
 Heap Min Capacity: 8M
 Heap Initial Capacity: 222M
 Heap Max Capacity: 2G
 Pre-touch: Disabled
 Parallel Workers: 10
 Concurrent Workers: 3
 Concurrent Refinement Workers: 10
 Periodic GC: Disabled
Heap:
 garbage-first heap   total 162816K, used 149580K [0x0000000080000000, 0x0000000100000000)
  region size 1024K, 54 young (55296K), 7 survivors (7168K)
 Metaspace       used 99641K, committed 101760K, reserved 1179648K
  class space    used 13515K, committed 14592K, reserved 1048576K
GC Heap History (20 events):
Event: 17.548 GC heap after
{Heap after GC invocations=24 (full 0):
 garbage-first heap   total 117760K, used 70052K [0x0000000080000000, 0x0000000100000000)
  region size 1024K, 5 young (5120K), 5 survivors (5120K)
 Metaspace       used 75413K, committed 77184K, reserved 1179648K
  class space    used 10053K, committed 10944K, reserved 1048576K
}
Event: 18.290 GC heap before
{Heap before GC invocations=24 (full 0):
 garbage-first heap   total 117760K, used 104868K [0x0000000080000000, 0x0000000100000000)
  region size 1024K, 39 young (39936K), 5 survivors (5120K)
 Metaspace       used 77738K, committed 79552K, reserved 1179648K
  class space    used 10359K, committed 11264K, reserved 1048576K
}
Event: 18.297 GC heap after
{Heap after GC invocations=25 (full 0):
 garbage-first heap   total 141312K, used 73497K [0x0000000080000000, 0x0000000100000000)
  region size 1024K, 4 young (4096K), 4 survivors (4096K)
 Metaspace       used 77738K, committed 79552K, reserved 1179648K
  class space    used 10359K, committed 11264K, reserved 1048576K
}
Event: 18.980 GC heap before
{Heap before GC invocations=25 (full 0):
 garbage-first heap   total 141312K, used 119577K [0x0000000080000000, 0x0000000100000000)
  region size 1024K, 49 young (50176K), 4 survivors (4096K)
 Metaspace       used 79413K, committed 81280K, reserved 1179648K
  class space    used 10571K, committed 11456K, reserved 1048576K
}
Event: 18.991 GC heap after
{Heap after GC invocations=26 (full 0):
 garbage-first heap   total 141312K, used 75730K [0x0000000080000000, 0x0000000100000000)
  region size 1024K, 6 young (6144K), 6 survivors (6144K)
 Metaspace       used 79413K, committed 81280K, reserved 1179648K
  class space    used 10571K, committed 11456K, reserved 1048576K
}
Event: 20.129 GC heap before
{Heap before GC invocations=27 (full 0):
 garbage-first heap   total 141312K, used 121810K [0x0000000080000000, 0x0000000100000000)
  region size 1024K, 51 young (52224K), 6 survivors (6144K)
 Metaspace       used 83307K, committed 85248K, reserved 1179648K
  class space    used 11233K, committed 12224K, reserved 1048576K
}
Event: 20.142 GC heap after
{Heap after GC invocations=28 (full 0):
 garbage-first heap   total 141312K, used 77165K [0x0000000080000000, 0x0000000100000000)
  region size 1024K, 5 young (5120K), 5 survivors (5120K)
 Metaspace       used 83307K, committed 85248K, reserved 1179648K
  class space    used 11233K, committed 12224K, reserved 1048576K
}
Event: 21.252 GC heap before
{Heap before GC invocations=28 (full 0):
 garbage-first heap   total 141312K, used 124269K [0x0000000080000000, 0x0000000100000000)
  region size 1024K, 51 young (52224K), 5 survivors (5120K)
 Metaspace       used 87429K, committed 89408K, reserved 1179648K
  class space    used 11861K, committed 12864K, reserved 1048576K
}
Event: 21.263 GC heap after
{Heap after GC invocations=29 (full 0):
 garbage-first heap   total 141312K, used 79490K [0x0000000080000000, 0x0000000100000000)
  region size 1024K, 5 young (5120K), 5 survivors (5120K)
 Metaspace       used 87429K, committed 89408K, reserved 1179648K
  class space    used 11861K, committed 12864K, reserved 1048576K
}
Event: 22.444 GC heap before
{Heap before GC invocations=29 (full 0):
 garbage-first heap   total 141312K, used 125570K [0x0000000080000000, 0x0000000100000000)
  region size 1024K, 50 young (51200K), 5 survivors (5120K)
 Metaspace       used 91259K, committed 93312K, reserved 1179648K
  class space    used 12446K, committed 13504K, reserved 1048576K
}
Event: 22.453 GC heap after
{Heap after GC invocations=30 (full 0):
 garbage-first heap   total 141312K, used 81960K [0x0000000080000000, 0x0000000100000000)
  region size 1024K, 6 young (6144K), 6 survivors (6144K)
 Metaspace       used 91259K, committed 93312K, reserved 1179648K
  class space    used 12446K, committed 13504K, reserved 1048576K
}
Event: 23.602 GC heap before
{Heap before GC invocations=31 (full 0):
 garbage-first heap   total 141312K, used 125992K [0x0000000080000000, 0x0000000100000000)
  region size 1024K, 49 young (50176K), 6 survivors (6144K)
 Metaspace       used 94905K, committed 96960K, reserved 1179648K
  class space    used 12957K, committed 14016K, reserved 1048576K
}
Event: 23.613 GC heap after
{Heap after GC invocations=32 (full 0):
 garbage-first heap   total 141312K, used 85892K [0x0000000080000000, 0x0000000100000000)
  region size 1024K, 7 young (7168K), 7 survivors (7168K)
 Metaspace       used 94905K, committed 96960K, reserved 1179648K
  class space    used 12957K, committed 14016K, reserved 1048576K
}
Event: 24.586 GC heap before
{Heap before GC invocations=32 (full 0):
 garbage-first heap   total 141312K, used 124804K [0x0000000080000000, 0x0000000100000000)
  region size 1024K, 45 young (46080K), 7 survivors (7168K)
 Metaspace       used 97145K, committed 99200K, reserved 1179648K
  class space    used 13298K, committed 14336K, reserved 1048576K
}
Event: 24.597 GC heap after
{Heap after GC invocations=33 (full 0):
 garbage-first heap   total 141312K, used 90949K [0x0000000080000000, 0x0000000100000000)
  region size 1024K, 6 young (6144K), 6 survivors (6144K)
 Metaspace       used 97145K, committed 99200K, reserved 1179648K
  class space    used 13298K, committed 14336K, reserved 1048576K
}
Event: 24.831 GC heap before
{Heap before GC invocations=33 (full 0):
 garbage-first heap   total 141312K, used 125765K [0x0000000080000000, 0x0000000100000000)
  region size 1024K, 41 young (41984K), 6 survivors (6144K)
 Metaspace       used 97146K, committed 99200K, reserved 1179648K
  class space    used 13298K, committed 14336K, reserved 1048576K
}
Event: 24.837 GC heap after
{Heap after GC invocations=34 (full 0):
 garbage-first heap   total 141312K, used 92378K [0x0000000080000000, 0x0000000100000000)
  region size 1024K, 4 young (4096K), 4 survivors (4096K)
 Metaspace       used 97146K, committed 99200K, reserved 1179648K
  class space    used 13298K, committed 14336K, reserved 1048576K
}
Event: 25.233 GC heap before
{Heap before GC invocations=35 (full 0):
 garbage-first heap   total 155648K, used 126170K [0x0000000080000000, 0x0000000100000000)
  region size 1024K, 38 young (38912K), 4 survivors (4096K)
 Metaspace       used 97159K, committed 99264K, reserved 1179648K
  class space    used 13298K, committed 14336K, reserved 1048576K
}
Event: 25.237 GC heap after
{Heap after GC invocations=36 (full 0):
 garbage-first heap   total 155648K, used 93260K [0x0000000080000000, 0x0000000100000000)
  region size 1024K, 3 young (3072K), 3 survivors (3072K)
 Metaspace       used 97159K, committed 99264K, reserved 1179648K
  class space    used 13298K, committed 14336K, reserved 1048576K
}
Event: 26.054 GC heap before
{Heap before GC invocations=36 (full 0):
 garbage-first heap   total 155648K, used 148556K [0x0000000080000000, 0x0000000100000000)
  region size 1024K, 50 young (51200K), 3 survivors (3072K)
 Metaspace       used 99641K, committed 101760K, reserved 1179648K
  class space    used 13515K, committed 14592K, reserved 1048576K
}

