# JRE version: OpenJDK Runtime Environment (21.0.4) (build 21.0.4+-12508038-b607.1)
# Java VM: OpenJDK 64-Bit Server VM (21.0.4+-12508038-b607.1, mixed mode, tiered, compressed oops, compressed class ptrs, g1 gc, windows-amd64)
GC Precious Log:
 CardTable entry size: 512
 Card Set container configuration: InlinePtr #cards 5 size 8 Array Of Cards #cards 12 size 40 Howl #buckets 4 coarsen threshold 1843 Howl Bitmap #cards 512 size 80 coarsen threshold 460 Card regions per heap region 1 cards per card region 2048
 CPUs: 12 total, 12 available
 Memory: 14170M
 Large Page Support: Disabled
 NUMA Support: Disabled
 Compressed Oops: Enabled (32-bit)
 Heap Region Size: 1M
 Heap Min Capacity: 8M
 Heap Initial Capacity: 222M
 Heap Max Capacity: 2G
 Pre-touch: Disabled
 Parallel Workers: 10
 Concurrent Workers: 3
 Concurrent Refinement Workers: 10
 Periodic GC: Disabled
Heap:
 garbage-first heap   total 199680K, used 148885K [0x0000000080000000, 0x0000000100000000)
  region size 1024K, 22 young (22528K), 4 survivors (4096K)
 Metaspace       used 92949K, committed 95040K, reserved 1179648K
  class space    used 12711K, committed 13760K, reserved 1048576K
GC Heap History (20 events):
Event: 13.218 GC heap before
{Heap before GC invocations=20 (full 0):
 garbage-first heap   total 132096K, used 116857K [0x0000000080000000, 0x0000000100000000)
  region size 1024K, 37 young (37888K), 5 survivors (5120K)
 Metaspace       used 66697K, committed 68480K, reserved 1114112K
  class space    used 9047K, committed 9920K, reserved 1048576K
}
Event: 13.224 GC heap after
{Heap after GC invocations=21 (full 0):
 garbage-first heap   total 132096K, used 87298K [0x0000000080000000, 0x0000000100000000)
  region size 1024K, 4 young (4096K), 4 survivors (4096K)
 Metaspace       used 66697K, committed 68480K, reserved 1114112K
  class space    used 9047K, committed 9920K, reserved 1048576K
}
Event: 13.396 GC heap before
{Heap before GC invocations=22 (full 0):
 garbage-first heap   total 148480K, used 116994K [0x0000000080000000, 0x0000000100000000)
  region size 1024K, 34 young (34816K), 4 survivors (4096K)
 Metaspace       used 66859K, committed 68608K, reserved 1114112K
  class space    used 9047K, committed 9920K, reserved 1048576K
}
Event: 13.400 GC heap after
{Heap after GC invocations=23 (full 0):
 garbage-first heap   total 148480K, used 88130K [0x0000000080000000, 0x0000000100000000)
  region size 1024K, 3 young (3072K), 3 survivors (3072K)
 Metaspace       used 66859K, committed 68608K, reserved 1114112K
  class space    used 9047K, committed 9920K, reserved 1048576K
}
Event: 13.572 GC heap before
{Heap before GC invocations=23 (full 0):
 garbage-first heap   total 148480K, used 132162K [0x0000000080000000, 0x0000000100000000)
  region size 1024K, 47 young (48128K), 3 survivors (3072K)
 Metaspace       used 66973K, committed 68736K, reserved 1114112K
  class space    used 9054K, committed 9920K, reserved 1048576K
}
Event: 13.577 GC heap after
{Heap after GC invocations=24 (full 0):
 garbage-first heap   total 148480K, used 87709K [0x0000000080000000, 0x0000000100000000)
  region size 1024K, 4 young (4096K), 4 survivors (4096K)
 Metaspace       used 66973K, committed 68736K, reserved 1114112K
  class space    used 9054K, committed 9920K, reserved 1048576K
}
Event: 13.768 GC heap before
{Heap before GC invocations=24 (full 0):
 garbage-first heap   total 148480K, used 111261K [0x0000000080000000, 0x0000000100000000)
  region size 1024K, 29 young (29696K), 4 survivors (4096K)
 Metaspace       used 67344K, committed 69120K, reserved 1114112K
  class space    used 9117K, committed 9984K, reserved 1048576K
}
Event: 13.773 GC heap after
{Heap after GC invocations=25 (full 0):
 garbage-first heap   total 178176K, used 88767K [0x0000000080000000, 0x0000000100000000)
  region size 1024K, 5 young (5120K), 5 survivors (5120K)
 Metaspace       used 67344K, committed 69120K, reserved 1114112K
  class space    used 9117K, committed 9984K, reserved 1048576K
}
Event: 14.898 GC heap before
{Heap before GC invocations=26 (full 0):
 garbage-first heap   total 178176K, used 165567K [0x0000000080000000, 0x0000000100000000)
  region size 1024K, 74 young (75776K), 5 survivors (5120K)
 Metaspace       used 73493K, committed 75328K, reserved 1114112K
  class space    used 9838K, committed 10752K, reserved 1048576K
}
Event: 14.906 GC heap after
{Heap after GC invocations=27 (full 0):
 garbage-first heap   total 179200K, used 101907K [0x0000000080000000, 0x0000000100000000)
  region size 1024K, 10 young (10240K), 10 survivors (10240K)
 Metaspace       used 73493K, committed 75328K, reserved 1114112K
  class space    used 9838K, committed 10752K, reserved 1048576K
}
Event: 15.936 GC heap before
{Heap before GC invocations=27 (full 0):
 garbage-first heap   total 179200K, used 163347K [0x0000000080000000, 0x0000000100000000)
  region size 1024K, 65 young (66560K), 10 survivors (10240K)
 Metaspace       used 78660K, committed 80512K, reserved 1179648K
  class space    used 10557K, committed 11456K, reserved 1048576K
}
Event: 15.949 GC heap after
{Heap after GC invocations=28 (full 0):
 garbage-first heap   total 182272K, used 108001K [0x0000000080000000, 0x0000000100000000)
  region size 1024K, 6 young (6144K), 6 survivors (6144K)
 Metaspace       used 78660K, committed 80512K, reserved 1179648K
  class space    used 10557K, committed 11456K, reserved 1048576K
}
Event: 16.821 GC heap before
{Heap before GC invocations=28 (full 0):
 garbage-first heap   total 182272K, used 165345K [0x0000000080000000, 0x0000000100000000)
  region size 1024K, 62 young (63488K), 6 survivors (6144K)
 Metaspace       used 81743K, committed 83648K, reserved 1179648K
  class space    used 10970K, committed 11904K, reserved 1048576K
}
Event: 16.831 GC heap after
{Heap after GC invocations=29 (full 0):
 garbage-first heap   total 182272K, used 111948K [0x0000000080000000, 0x0000000100000000)
  region size 1024K, 5 young (5120K), 5 survivors (5120K)
 Metaspace       used 81743K, committed 83648K, reserved 1179648K
  class space    used 10970K, committed 11904K, reserved 1048576K
}
Event: 17.684 GC heap before
{Heap before GC invocations=30 (full 0):
 garbage-first heap   total 189440K, used 166220K [0x0000000080000000, 0x0000000100000000)
  region size 1024K, 57 young (58368K), 5 survivors (5120K)
 Metaspace       used 84693K, committed 86656K, reserved 1179648K
  class space    used 11375K, committed 12352K, reserved 1048576K
}
Event: 17.693 GC heap after
{Heap after GC invocations=31 (full 0):
 garbage-first heap   total 189440K, used 115801K [0x0000000080000000, 0x0000000100000000)
  region size 1024K, 8 young (8192K), 8 survivors (8192K)
 Metaspace       used 84693K, committed 86656K, reserved 1179648K
  class space    used 11375K, committed 12352K, reserved 1048576K
}
Event: 18.654 GC heap before
{Heap before GC invocations=31 (full 0):
 garbage-first heap   total 189440K, used 170073K [0x0000000080000000, 0x0000000100000000)
  region size 1024K, 61 young (62464K), 8 survivors (8192K)
 Metaspace       used 89504K, committed 91520K, reserved 1179648K
  class space    used 12173K, committed 13184K, reserved 1048576K
}
Event: 18.667 GC heap after
{Heap after GC invocations=32 (full 0):
 garbage-first heap   total 189440K, used 115837K [0x0000000080000000, 0x0000000100000000)
  region size 1024K, 6 young (6144K), 6 survivors (6144K)
 Metaspace       used 89504K, committed 91520K, reserved 1179648K
  class space    used 12173K, committed 13184K, reserved 1048576K
}
Event: 18.970 GC heap before
{Heap before GC invocations=32 (full 0):
 garbage-first heap   total 189440K, used 132221K [0x0000000080000000, 0x0000000100000000)
  region size 1024K, 23 young (23552K), 6 survivors (6144K)
 Metaspace       used 90928K, committed 92992K, reserved 1179648K
  class space    used 12397K, committed 13440K, reserved 1048576K
}
Event: 18.977 GC heap after
{Heap after GC invocations=33 (full 0):
 garbage-first heap   total 189440K, used 117141K [0x0000000080000000, 0x0000000100000000)
  region size 1024K, 4 young (4096K), 4 survivors (4096K)
 Metaspace       used 90928K, committed 92992K, reserved 1179648K
  class space    used 12397K, committed 13440K, reserved 1048576K
}

